Determining if the pthread_create exist failed with the following output:
Change Dir: /home/robond/Desktop/gazebo_world/build/CMakeFiles/CMakeTmp

Run Build Command:"/usr/bin/make" "cmTC_2923f/fast"
/usr/bin/make -f CMakeFiles/cmTC_2923f.dir/build.make CMakeFiles/cmTC_2923f.dir/build
make[1]: Entering directory '/home/robond/Desktop/gazebo_world/build/CMakeFiles/CMakeTmp'
Building C object CMakeFiles/cmTC_2923f.dir/CheckSymbolExists.c.o
/usr/bin/cc     -o CMakeFiles/cmTC_2923f.dir/CheckSymbolExists.c.o   -c /home/robond/Desktop/gazebo_world/build/CMakeFiles/CMakeTmp/CheckSymbolExists.c
Linking C executable cmTC_2923f
/usr/bin/cmake -E cmake_link_script CMakeFiles/cmTC_2923f.dir/link.txt --verbose=1
/usr/bin/cc       CMakeFiles/cmTC_2923f.dir/CheckSymbolExists.c.o  -o cmTC_2923f -rdynamic 
CMakeFiles/cmTC_2923f.dir/CheckSymbolExists.c.o: In function `main':
CheckSymbolExists.c:(.text+0x16): undefined reference to `pthread_create'
collect2: error: ld returned 1 exit status
CMakeFiles/cmTC_2923f.dir/build.make:97: recipe for target 'cmTC_2923f' failed
make[1]: *** [cmTC_2923f] Error 1
make[1]: Leaving directory '/home/robond/Desktop/gazebo_world/build/CMakeFiles/CMakeTmp'
Makefile:126: recipe for target 'cmTC_2923f/fast' failed
make: *** [cmTC_2923f/fast] Error 2

File /home/robond/Desktop/gazebo_world/build/CMakeFiles/CMakeTmp/CheckSymbolExists.c:
/* */
#include <pthread.h>

int main(int argc, char** argv)
{
  (void)argv;
#ifndef pthread_create
  return ((int*)(&pthread_create))[argc];
#else
  (void)argc;
  return 0;
#endif
}

Determining if the function pthread_create exists in the pthreads failed with the following output:
Change Dir: /home/robond/Desktop/gazebo_world/build/CMakeFiles/CMakeTmp

Run Build Command:"/usr/bin/make" "cmTC_44784/fast"
/usr/bin/make -f CMakeFiles/cmTC_44784.dir/build.make CMakeFiles/cmTC_44784.dir/build
make[1]: Entering directory '/home/robond/Desktop/gazebo_world/build/CMakeFiles/CMakeTmp'
Building C object CMakeFiles/cmTC_44784.dir/CheckFunctionExists.c.o
/usr/bin/cc    -DCHECK_FUNCTION_EXISTS=pthread_create   -o CMakeFiles/cmTC_44784.dir/CheckFunctionExists.c.o   -c /usr/share/cmake-3.5/Modules/CheckFunctionExists.c
Linking C executable cmTC_44784
/usr/bin/cmake -E cmake_link_script CMakeFiles/cmTC_44784.dir/link.txt --verbose=1
/usr/bin/cc   -DCHECK_FUNCTION_EXISTS=pthread_create    CMakeFiles/cmTC_44784.dir/CheckFunctionExists.c.o  -o cmTC_44784 -rdynamic -lpthreads 
/usr/bin/ld: cannot find -lpthreads
collect2: error: ld returned 1 exit status
CMakeFiles/cmTC_44784.dir/build.make:97: recipe for target 'cmTC_44784' failed
make[1]: *** [cmTC_44784] Error 1
make[1]: Leaving directory '/home/robond/Desktop/gazebo_world/build/CMakeFiles/CMakeTmp'
Makefile:126: recipe for target 'cmTC_44784/fast' failed
make: *** [cmTC_44784/fast] Error 2


